2026-03-29 17:15:44 | INFO | CI | === RUN START ===
2026-03-29 17:15:44 | INFO | CI | project=MODULE 4: EVTL PIPELINE
2026-03-29 17:15:44 | INFO | CI | repo_dir=nlp-04-api-text-data
2026-03-29 17:15:44 | INFO | CI | python=3.14.3
2026-03-29 17:15:44 | INFO | CI | os=Windows 11
2026-03-29 17:15:44 | INFO | CI | shell=powershell
2026-03-29 17:15:44 | INFO | CI | cwd=.
2026-03-29 17:15:44 | INFO | CI | github_actions=False
2026-03-29 17:15:44 | INFO | CI | START PIPELINE
2026-03-29 17:15:44 | INFO | CI | ROOT_PATH = .
2026-03-29 17:15:44 | INFO | CI | DATA_PATH = data
2026-03-29 17:15:44 | INFO | CI | RAW_PATH = data\raw
2026-03-29 17:15:44 | INFO | CI | PROCESSED_PATH = data\processed
2026-03-29 17:15:44 | INFO | CI | ========================
2026-03-29 17:15:44 | INFO | CI | STAGE 01: EXTRACT starting... 
2026-03-29 17:15:44 | INFO | CI | ========================
2026-03-29 17:15:44 | INFO | CI | SOURCE PATH = https://jsonplaceholder.typicode.com/posts
2026-03-29 17:15:44 | INFO | CI | SINK PATH = data\raw\case_raw.json
2026-03-29 17:15:44 | INFO | CI | ========================
2026-03-29 17:15:44 | INFO | CI | STAGE 02: VALIDATE starting...
2026-03-29 17:15:44 | INFO | CI | ========================
2026-03-29 17:15:44 | INFO | CI | JSON STRUCTURE INSPECTION:
2026-03-29 17:15:44 | INFO | CI | Top-level type: list
2026-03-29 17:15:44 | INFO | CI | Keys in first record: ['userId', 'id', 'title', 'body']
2026-03-29 17:15:44 | INFO | CI | Field types:
2026-03-29 17:15:44 | INFO | CI | userId: int
2026-03-29 17:15:44 | INFO | CI | id: int
2026-03-29 17:15:44 | INFO | CI | title: str
2026-03-29 17:15:44 | INFO | CI | body: str
2026-03-29 17:15:44 | INFO | CI | Validation passed.
2026-03-29 17:15:44 | INFO | CI | Sink: validated JSON object
2026-03-29 17:15:44 | INFO | CI | ========================
2026-03-29 17:15:44 | INFO | CI | STAGE 03: TRANSFORM starting...
2026-03-29 17:15:44 | INFO | CI | ========================
2026-03-29 17:15:44 | INFO | CI | Transformation complete.
2026-03-29 17:15:44 | INFO | CI | DataFrame preview:
shape: (5, 6)
┌─────────┬─────────┬─────────────────────────────────┬─────────────────────────────────┬──────────────┬─────────────┐
│ user_id ┆ post_id ┆ title                           ┆ body                            ┆ title_length ┆ body_length │
│ ---     ┆ ---     ┆ ---                             ┆ ---                             ┆ ---          ┆ ---         │
│ i64     ┆ i64     ┆ str                             ┆ str                             ┆ u32          ┆ u32         │
╞═════════╪═════════╪═════════════════════════════════╪═════════════════════════════════╪══════════════╪═════════════╡
│ 1       ┆ 1       ┆ sunt aut facere repellat provi… ┆ quia et suscipit                ┆ 74           ┆ 158         │
│         ┆         ┆                                 ┆ suscipit recu…                  ┆              ┆             │
│ 1       ┆ 2       ┆ qui est esse                    ┆ est rerum tempore vitae         ┆ 12           ┆ 206         │
│         ┆         ┆                                 ┆ sequi …                         ┆              ┆             │
│ 1       ┆ 3       ┆ ea molestias quasi exercitatio… ┆ et iusto sed quo iure           ┆ 59           ┆ 164         │
│         ┆         ┆                                 ┆ voluptat…                       ┆              ┆             │
│ 1       ┆ 4       ┆ eum et est occaecati            ┆ ullam et saepe reiciendis volu… ┆ 20           ┆ 190         │
│ 1       ┆ 5       ┆ nesciunt quas odio              ┆ repudiandae veniam quaerat sun… ┆ 18           ┆ 147         │
└─────────┴─────────┴─────────────────────────────────┴─────────────────────────────────┴──────────────┴─────────────┘
2026-03-29 17:15:44 | INFO | CI | Sink: Polars DataFrame created
2026-03-29 17:15:44 | INFO | CI | ========================
2026-03-29 17:15:44 | INFO | CI | STAGE 04: LOAD starting...
2026-03-29 17:15:44 | INFO | CI | ========================
2026-03-29 17:15:44 | INFO | CI | SINK PATH = data\processed\case_processed.csv
2026-03-29 17:15:44 | INFO | CI | ========================
2026-03-29 17:15:44 | INFO | CI | Pipeline executed successfully!
2026-03-29 17:15:44 | INFO | CI | ========================
2026-03-31 18:31:39 | INFO | CI | === RUN START ===
2026-03-31 18:31:39 | INFO | CI | project=MODULE 4: EVTL PIPELINE (YOURNAME)
2026-03-31 18:31:39 | INFO | CI | repo_dir=nlp-04-api-text-data
2026-03-31 18:31:39 | INFO | CI | python=3.14.3
2026-03-31 18:31:39 | INFO | CI | os=Windows 11
2026-03-31 18:31:39 | INFO | CI | shell=powershell
2026-03-31 18:31:39 | INFO | CI | cwd=.
2026-03-31 18:31:39 | INFO | CI | github_actions=False
2026-03-31 18:31:39 | INFO | CI | START PIPELINE
2026-03-31 18:31:39 | INFO | CI | ROOT_PATH = .
2026-03-31 18:31:39 | INFO | CI | DATA_PATH = data
2026-03-31 18:31:39 | INFO | CI | RAW_PATH = data\raw
2026-03-31 18:31:39 | INFO | CI | PROCESSED_PATH = data\processed
2026-03-31 18:31:39 | INFO | CI | ========================
2026-03-31 18:31:39 | INFO | CI | STAGE 01: EXTRACT starting... 
2026-03-31 18:31:39 | INFO | CI | ========================
2026-03-31 18:31:39 | INFO | CI | SOURCE PATH = https://jsonplaceholder.typicode.com/posts
2026-03-31 18:31:39 | INFO | CI | SINK PATH = data\raw\yourname_raw.json
2026-03-31 18:31:39 | INFO | CI | ========================
2026-03-31 18:31:39 | INFO | CI | STAGE 02: VALIDATE (yourname) starting...
2026-03-31 18:31:39 | INFO | CI | ========================
2026-03-31 18:31:39 | INFO | CI | JSON STRUCTURE INSPECTION:
2026-03-31 18:31:39 | INFO | CI | Top-level type: list
2026-03-31 18:31:39 | INFO | CI | Keys in first record: ['userId', 'id', 'title', 'body']
2026-03-31 18:31:39 | INFO | CI | Field types:
2026-03-31 18:31:39 | INFO | CI | userId: int
2026-03-31 18:31:39 | INFO | CI | id: int
2026-03-31 18:31:39 | INFO | CI | title: str
2026-03-31 18:31:39 | INFO | CI | body: str
2026-03-31 18:31:39 | INFO | CI | Validation passed for 100 records.
2026-03-31 18:31:39 | INFO | CI | Sink: validated JSON object
2026-03-31 18:31:39 | INFO | CI | ========================
2026-03-31 18:31:39 | INFO | CI | STAGE 03: TRANSFORM (yourname) starting...
2026-03-31 18:31:39 | INFO | CI | ========================
2026-03-31 18:31:39 | INFO | CI | Transformation complete.
2026-03-31 18:31:39 | INFO | CI | DataFrame preview:
shape: (5, 7)
┌─────────┬─────────┬───────────┬───────────┬───────────┬───────────┬──────────┐
│ user_id ┆ post_id ┆ title     ┆ body      ┆ title_len ┆ body_leng ┆ body_wor │
│ ---     ┆ ---     ┆ ---       ┆ ---       ┆ gth       ┆ th        ┆ d_count  │
│ i64     ┆ i64     ┆ str       ┆ str       ┆ ---       ┆ ---       ┆ ---      │
│         ┆         ┆           ┆           ┆ u32       ┆ u32       ┆ u32      │
╞═════════╪═════════╪═══════════╪═══════════╪═══════════╪═══════════╪══════════╡
│ 1       ┆ 1       ┆ sunt aut  ┆ quia et   ┆ 74        ┆ 158       ┆ 23       │
│         ┆         ┆ facere    ┆ suscipit  ┆           ┆           ┆          │
│         ┆         ┆ repellat  ┆ suscipit  ┆           ┆           ┆          │
│         ┆         ┆ provi…    ┆ recu…     ┆           ┆           ┆          │
│ 1       ┆ 2       ┆ qui est   ┆ est rerum ┆ 12        ┆ 206       ┆ 31       │
│         ┆         ┆ esse      ┆ tempore   ┆           ┆           ┆          │
│         ┆         ┆           ┆ vitae     ┆           ┆           ┆          │
│         ┆         ┆           ┆ sequi …   ┆           ┆           ┆          │
│ 1       ┆ 3       ┆ ea        ┆ et iusto  ┆ 59        ┆ 164       ┆ 26       │
│         ┆         ┆ molestias ┆ sed quo   ┆           ┆           ┆          │
│         ┆         ┆ quasi exe ┆ iure      ┆           ┆           ┆          │
│         ┆         ┆ rcitatio… ┆ voluptat… ┆           ┆           ┆          │
│ 1       ┆ 4       ┆ eum et    ┆ ullam et  ┆ 20        ┆ 190       ┆ 28       │
│         ┆         ┆ est       ┆ saepe rei ┆           ┆           ┆          │
│         ┆         ┆ occaecati ┆ ciendis   ┆           ┆           ┆          │
│         ┆         ┆           ┆ volu…     ┆           ┆           ┆          │
│ 1       ┆ 5       ┆ nesciunt  ┆ repudiand ┆ 18        ┆ 147       ┆ 23       │
│         ┆         ┆ quas odio ┆ ae veniam ┆           ┆           ┆          │
│         ┆         ┆           ┆ quaerat   ┆           ┆           ┆          │
│         ┆         ┆           ┆ sun…      ┆           ┆           ┆          │
└─────────┴─────────┴───────────┴───────────┴───────────┴───────────┴──────────┘
2026-03-31 18:31:39 | INFO | CI | Sink: Polars DataFrame created
2026-03-31 18:31:39 | INFO | CI | ========================
2026-03-31 18:31:39 | INFO | CI | STAGE 04: LOAD starting...
2026-03-31 18:31:39 | INFO | CI | ========================
2026-03-31 18:31:39 | INFO | CI | SINK PATH = data\processed\yourname_processed.csv
2026-03-31 18:31:39 | INFO | CI | ========================
2026-03-31 18:31:39 | INFO | CI | Custom pipeline executed successfully!
2026-03-31 18:31:39 | INFO | CI | ========================
2026-03-31 18:32:46 | INFO | CI | === RUN START ===
2026-03-31 18:32:46 | INFO | CI | project=MODULE 4: EVTL PIPELINE (ANGIECREWS)
2026-03-31 18:32:46 | INFO | CI | repo_dir=nlp-04-api-text-data
2026-03-31 18:32:46 | INFO | CI | python=3.14.3
2026-03-31 18:32:46 | INFO | CI | os=Windows 11
2026-03-31 18:32:46 | INFO | CI | shell=powershell
2026-03-31 18:32:46 | INFO | CI | cwd=.
2026-03-31 18:32:46 | INFO | CI | github_actions=False
2026-03-31 18:32:46 | INFO | CI | START PIPELINE
2026-03-31 18:32:46 | INFO | CI | ROOT_PATH = .
2026-03-31 18:32:46 | INFO | CI | DATA_PATH = data
2026-03-31 18:32:46 | INFO | CI | RAW_PATH = data\raw
2026-03-31 18:32:46 | INFO | CI | PROCESSED_PATH = data\processed
2026-03-31 18:32:46 | INFO | CI | ========================
2026-03-31 18:32:46 | INFO | CI | STAGE 01: EXTRACT starting... 
2026-03-31 18:32:46 | INFO | CI | ========================
2026-03-31 18:32:47 | INFO | CI | SOURCE PATH = https://jsonplaceholder.typicode.com/posts
2026-03-31 18:32:47 | INFO | CI | SINK PATH = data\raw\angiecrews_raw.json
2026-03-31 18:32:47 | INFO | CI | ========================
2026-03-31 18:32:47 | INFO | CI | STAGE 02: VALIDATE (angiecrews) starting...
2026-03-31 18:32:47 | INFO | CI | ========================
2026-03-31 18:32:47 | INFO | CI | JSON STRUCTURE INSPECTION:
2026-03-31 18:32:47 | INFO | CI | Top-level type: list
2026-03-31 18:32:47 | INFO | CI | Keys in first record: ['userId', 'id', 'title', 'body']
2026-03-31 18:32:47 | INFO | CI | Field types:
2026-03-31 18:32:47 | INFO | CI | userId: int
2026-03-31 18:32:47 | INFO | CI | id: int
2026-03-31 18:32:47 | INFO | CI | title: str
2026-03-31 18:32:47 | INFO | CI | body: str
2026-03-31 18:32:47 | INFO | CI | Validation passed for 100 records.
2026-03-31 18:32:47 | INFO | CI | Sink: validated JSON object
2026-03-31 18:32:47 | INFO | CI | ========================
2026-03-31 18:32:47 | INFO | CI | STAGE 03: TRANSFORM (angiecrews) starting...
2026-03-31 18:32:47 | INFO | CI | ========================
2026-03-31 18:32:47 | INFO | CI | Transformation complete.
2026-03-31 18:32:47 | INFO | CI | DataFrame preview:
shape: (5, 7)
┌─────────┬─────────┬───────────┬───────────┬───────────┬───────────┬──────────┐
│ user_id ┆ post_id ┆ title     ┆ body      ┆ title_len ┆ body_leng ┆ body_wor │
│ ---     ┆ ---     ┆ ---       ┆ ---       ┆ gth       ┆ th        ┆ d_count  │
│ i64     ┆ i64     ┆ str       ┆ str       ┆ ---       ┆ ---       ┆ ---      │
│         ┆         ┆           ┆           ┆ u32       ┆ u32       ┆ u32      │
╞═════════╪═════════╪═══════════╪═══════════╪═══════════╪═══════════╪══════════╡
│ 1       ┆ 1       ┆ sunt aut  ┆ quia et   ┆ 74        ┆ 158       ┆ 23       │
│         ┆         ┆ facere    ┆ suscipit  ┆           ┆           ┆          │
│         ┆         ┆ repellat  ┆ suscipit  ┆           ┆           ┆          │
│         ┆         ┆ provi…    ┆ recu…     ┆           ┆           ┆          │
│ 1       ┆ 2       ┆ qui est   ┆ est rerum ┆ 12        ┆ 206       ┆ 31       │
│         ┆         ┆ esse      ┆ tempore   ┆           ┆           ┆          │
│         ┆         ┆           ┆ vitae     ┆           ┆           ┆          │
│         ┆         ┆           ┆ sequi …   ┆           ┆           ┆          │
│ 1       ┆ 3       ┆ ea        ┆ et iusto  ┆ 59        ┆ 164       ┆ 26       │
│         ┆         ┆ molestias ┆ sed quo   ┆           ┆           ┆          │
│         ┆         ┆ quasi exe ┆ iure      ┆           ┆           ┆          │
│         ┆         ┆ rcitatio… ┆ voluptat… ┆           ┆           ┆          │
│ 1       ┆ 4       ┆ eum et    ┆ ullam et  ┆ 20        ┆ 190       ┆ 28       │
│         ┆         ┆ est       ┆ saepe rei ┆           ┆           ┆          │
│         ┆         ┆ occaecati ┆ ciendis   ┆           ┆           ┆          │
│         ┆         ┆           ┆ volu…     ┆           ┆           ┆          │
│ 1       ┆ 5       ┆ nesciunt  ┆ repudiand ┆ 18        ┆ 147       ┆ 23       │
│         ┆         ┆ quas odio ┆ ae veniam ┆           ┆           ┆          │
│         ┆         ┆           ┆ quaerat   ┆           ┆           ┆          │
│         ┆         ┆           ┆ sun…      ┆           ┆           ┆          │
└─────────┴─────────┴───────────┴───────────┴───────────┴───────────┴──────────┘
2026-03-31 18:32:47 | INFO | CI | Sink: Polars DataFrame created
2026-03-31 18:32:47 | INFO | CI | ========================
2026-03-31 18:32:47 | INFO | CI | STAGE 04: LOAD starting...
2026-03-31 18:32:47 | INFO | CI | ========================
2026-03-31 18:32:47 | INFO | CI | SINK PATH = data\processed\angiecrews_processed.csv
2026-03-31 18:32:47 | INFO | CI | ========================
2026-03-31 18:32:47 | INFO | CI | Custom pipeline executed successfully!
2026-03-31 18:32:47 | INFO | CI | ========================
2026-03-31 19:05:43 | INFO | CI | === RUN START ===
2026-03-31 19:05:43 | INFO | CI | project=MODULE 4: EVTL PIPELINE (ANGIECREWS)
2026-03-31 19:05:43 | INFO | CI | repo_dir=nlp-04-api-text-data
2026-03-31 19:05:43 | INFO | CI | python=3.14.3
2026-03-31 19:05:43 | INFO | CI | os=Windows 11
2026-03-31 19:05:43 | INFO | CI | shell=powershell
2026-03-31 19:05:43 | INFO | CI | cwd=.
2026-03-31 19:05:43 | INFO | CI | github_actions=False
2026-03-31 19:05:43 | INFO | CI | START PIPELINE
2026-03-31 19:05:43 | INFO | CI | ROOT_PATH = .
2026-03-31 19:05:43 | INFO | CI | DATA_PATH = data
2026-03-31 19:05:43 | INFO | CI | RAW_PATH = data\raw
2026-03-31 19:05:43 | INFO | CI | PROCESSED_PATH = data\processed
2026-03-31 19:05:43 | INFO | CI | ========================
2026-03-31 19:05:43 | INFO | CI | STAGE 01: EXTRACT starting... 
2026-03-31 19:05:43 | INFO | CI | ========================
2026-03-31 19:05:44 | INFO | CI | SOURCE PATH = https://jsonplaceholder.typicode.com/comments
2026-03-31 19:05:44 | INFO | CI | SINK PATH = data\raw\angiecrews_raw.json
2026-03-31 19:05:44 | INFO | CI | ========================
2026-03-31 19:05:44 | INFO | CI | STAGE 02: VALIDATE (angiecrews) starting...
2026-03-31 19:05:44 | INFO | CI | ========================
2026-03-31 19:05:44 | INFO | CI | JSON STRUCTURE INSPECTION:
2026-03-31 19:05:44 | INFO | CI | Top-level type: list
2026-03-31 19:05:44 | INFO | CI | Keys in first record: ['postId', 'id', 'name', 'email', 'body']
2026-03-31 19:05:44 | INFO | CI | Field types:
2026-03-31 19:05:44 | INFO | CI | postId: int
2026-03-31 19:05:44 | INFO | CI | id: int
2026-03-31 19:05:44 | INFO | CI | name: str
2026-03-31 19:05:44 | INFO | CI | email: str
2026-03-31 19:05:44 | INFO | CI | body: str
2026-03-31 19:05:44 | INFO | CI | Validation passed for 500 records.
2026-03-31 19:05:44 | INFO | CI | Sink: validated JSON object
2026-03-31 19:05:44 | INFO | CI | ========================
2026-03-31 19:05:44 | INFO | CI | STAGE 03: TRANSFORM (angiecrews) starting...
2026-03-31 19:05:44 | INFO | CI | ========================
2026-03-31 19:05:44 | INFO | CI | Filter applied: body_length > 150 — kept 312 of 500 records.
2026-03-31 19:05:44 | INFO | CI | body_word_count stats: min=19, max=34, mean=26.2
2026-03-31 19:05:44 | INFO | CI | Transformation complete.
2026-03-31 19:05:44 | INFO | CI | DataFrame preview:
shape: (5, 9)
┌─────────┬─────────┬─────────┬────────┬───┬────────┬────────┬────────┬────────┐
│ post_id ┆ comment ┆ name    ┆ email  ┆ … ┆ name_l ┆ name_w ┆ body_l ┆ body_w │
│ ---     ┆ _id     ┆ ---     ┆ ---    ┆   ┆ ength  ┆ ord_co ┆ ength  ┆ ord_co │
│ i64     ┆ ---     ┆ str     ┆ str    ┆   ┆ ---    ┆ unt    ┆ ---    ┆ unt    │
│         ┆ i64     ┆         ┆        ┆   ┆ u32    ┆ ---    ┆ u32    ┆ ---    │
│         ┆         ┆         ┆        ┆   ┆        ┆ u32    ┆        ┆ u32    │
╞═════════╪═════════╪═════════╪════════╪═══╪════════╪════════╪════════╪════════╡
│ 1       ┆ 2       ┆ quo     ┆ Jayne_ ┆ … ┆ 41     ┆ 6      ┆ 168    ┆ 25     │
│         ┆         ┆ vero    ┆ Kuhic@ ┆   ┆        ┆        ┆        ┆        │
│         ┆         ┆ reicien ┆ sydney ┆   ┆        ┆        ┆        ┆        │
│         ┆         ┆ dis     ┆ .com   ┆   ┆        ┆        ┆        ┆        │
│         ┆         ┆ velit   ┆        ┆   ┆        ┆        ┆        ┆        │
│         ┆         ┆ simi…   ┆        ┆   ┆        ┆        ┆        ┆        │
│ 1       ┆ 3       ┆ odio    ┆ Nikita ┆ … ┆ 29     ┆ 5      ┆ 218    ┆ 29     │
│         ┆         ┆ adipisc ┆ @garfi ┆   ┆        ┆        ┆        ┆        │
│         ┆         ┆ i rerum ┆ eld.bi ┆   ┆        ┆        ┆        ┆        │
│         ┆         ┆ aut     ┆ z      ┆   ┆        ┆        ┆        ┆        │
│         ┆         ┆ animi   ┆        ┆   ┆        ┆        ┆        ┆        │
│ 1       ┆ 4       ┆ alias   ┆ Lew@al ┆ … ┆ 14     ┆ 3      ┆ 154    ┆ 23     │
│         ┆         ┆ odio    ┆ ysha.t ┆   ┆        ┆        ┆        ┆        │
│         ┆         ┆ sit     ┆ v      ┆   ┆        ┆        ┆        ┆        │
│ 2       ┆ 6       ┆ et      ┆ Presle ┆ … ┆ 54     ┆ 9      ┆ 168    ┆ 22     │
│         ┆         ┆ fugit   ┆ y.Muel ┆   ┆        ┆        ┆        ┆        │
│         ┆         ┆ eligend ┆ ler@my ┆   ┆        ┆        ┆        ┆        │
│         ┆         ┆ i delen ┆ rl.com ┆   ┆        ┆        ┆        ┆        │
│         ┆         ┆ iti     ┆        ┆   ┆        ┆        ┆        ┆        │
│         ┆         ┆ qui…    ┆        ┆   ┆        ┆        ┆        ┆        │
│ 2       ┆ 7       ┆ repella ┆ Dallas ┆ … ┆ 63     ┆ 7      ┆ 173    ┆ 26     │
│         ┆         ┆ t conse ┆ @ole.m ┆   ┆        ┆        ┆        ┆        │
│         ┆         ┆ quatur  ┆ e      ┆   ┆        ┆        ┆        ┆        │
│         ┆         ┆ praesen ┆        ┆   ┆        ┆        ┆        ┆        │
│         ┆         ┆ ti…     ┆        ┆   ┆        ┆        ┆        ┆        │
└─────────┴─────────┴─────────┴────────┴───┴────────┴────────┴────────┴────────┘
2026-03-31 19:05:44 | INFO | CI | Sink: Polars DataFrame created
2026-03-31 19:05:44 | INFO | CI | ========================
2026-03-31 19:05:44 | INFO | CI | STAGE 04: LOAD starting...
2026-03-31 19:05:44 | INFO | CI | ========================
2026-03-31 19:05:44 | INFO | CI | SINK PATH = data\processed\angiecrews_comments_processed.csv
2026-03-31 19:05:44 | INFO | CI | ========================
2026-03-31 19:05:44 | INFO | CI | Custom pipeline executed successfully!
2026-03-31 19:05:44 | INFO | CI | ========================
2026-03-31 19:34:20 | INFO | CI | === RUN START ===
2026-03-31 19:34:20 | INFO | CI | project=MODULE 4: EVTL PIPELINE (ANGIECREWS USERS)
2026-03-31 19:34:20 | INFO | CI | repo_dir=nlp-04-api-text-data
2026-03-31 19:34:20 | INFO | CI | python=3.14.3
2026-03-31 19:34:20 | INFO | CI | os=Windows 11
2026-03-31 19:34:20 | INFO | CI | shell=powershell
2026-03-31 19:34:20 | INFO | CI | cwd=.
2026-03-31 19:34:20 | INFO | CI | github_actions=False
2026-03-31 19:34:20 | INFO | CI | START PIPELINE
2026-03-31 19:34:20 | INFO | CI | ROOT_PATH = .
2026-03-31 19:34:20 | INFO | CI | DATA_PATH = data
2026-03-31 19:34:20 | INFO | CI | RAW_PATH = data\raw
2026-03-31 19:34:20 | INFO | CI | PROCESSED_PATH = data\processed
2026-03-31 19:34:20 | INFO | CI | ========================
2026-03-31 19:34:20 | INFO | CI | STAGE 01: EXTRACT starting... 
2026-03-31 19:34:20 | INFO | CI | ========================
2026-03-31 19:34:21 | INFO | CI | SOURCE PATH = https://jsonplaceholder.typicode.com/users
2026-03-31 19:34:21 | INFO | CI | SINK PATH = data\raw\angiecrews_users_raw.json
2026-03-31 19:34:21 | INFO | CI | ========================
2026-03-31 19:34:21 | INFO | CI | STAGE 02: VALIDATE (angiecrews_users) starting...
2026-03-31 19:34:21 | INFO | CI | ========================
2026-03-31 19:34:21 | INFO | CI | JSON STRUCTURE INSPECTION:
2026-03-31 19:34:21 | INFO | CI | Top-level type: list
2026-03-31 19:34:21 | INFO | CI | Keys in first record: ['id', 'name', 'username', 'email', 'address', 'phone', 'website', 'company']
2026-03-31 19:34:21 | INFO | CI | Field types:
2026-03-31 19:34:21 | INFO | CI |   id: int
2026-03-31 19:34:21 | INFO | CI |   name: str
2026-03-31 19:34:21 | INFO | CI |   username: str
2026-03-31 19:34:21 | INFO | CI |   email: str
2026-03-31 19:34:21 | INFO | CI |   address: dict
2026-03-31 19:34:21 | INFO | CI |   phone: str
2026-03-31 19:34:21 | INFO | CI |   website: str
2026-03-31 19:34:21 | INFO | CI |   company: dict
2026-03-31 19:34:21 | INFO | CI | Nested address keys:
2026-03-31 19:34:21 | INFO | CI |   address.street: str
2026-03-31 19:34:21 | INFO | CI |   address.suite: str
2026-03-31 19:34:21 | INFO | CI |   address.city: str
2026-03-31 19:34:21 | INFO | CI |   address.zipcode: str
2026-03-31 19:34:21 | INFO | CI |   address.geo: dict
2026-03-31 19:34:21 | INFO | CI | Nested company keys:
2026-03-31 19:34:21 | INFO | CI |   company.name: str
2026-03-31 19:34:21 | INFO | CI |   company.catchPhrase: str
2026-03-31 19:34:21 | INFO | CI |   company.bs: str
2026-03-31 19:34:21 | INFO | CI | Validation complete: 10 of 10 records passed.
2026-03-31 19:34:21 | INFO | CI | Sink: validated JSON object
2026-03-31 19:34:21 | INFO | CI | ========================
2026-03-31 19:34:21 | INFO | CI | STAGE 03: TRANSFORM (angiecrews_users) starting...
2026-03-31 19:34:21 | INFO | CI | ========================
2026-03-31 19:34:21 | INFO | CI | name_length stats: min=12, max=24, mean=16.5
2026-03-31 19:34:21 | INFO | CI | Unique email domains (10): ['annie.ca', 'april.biz', 'billy.biz', 'dana.io', 'jasper.info', 'karina.biz', 'kory.org', 'melissa.tv', 'rosamond.me', 'yesenia.net']
2026-03-31 19:34:21 | INFO | CI | Transformation complete.
2026-03-31 19:34:21 | INFO | CI | DataFrame preview:
shape: (10, 9)
┌─────────┬─────────┬─────────┬────────┬───┬────────┬────────┬────────┬────────┐
│ user_id ┆ name    ┆ usernam ┆ email  ┆ … ┆ websit ┆ city   ┆ compan ┆ email_ │
│ ---     ┆ ---     ┆ e       ┆ ---    ┆   ┆ e      ┆ ---    ┆ y_name ┆ domain │
│ i64     ┆ str     ┆ ---     ┆ str    ┆   ┆ ---    ┆ str    ┆ ---    ┆ ---    │
│         ┆         ┆ str     ┆        ┆   ┆ str    ┆        ┆ str    ┆ str    │
╞═════════╪═════════╪═════════╪════════╪═══╪════════╪════════╪════════╪════════╡
│ 1       ┆ Leanne  ┆ Bret    ┆ Sincer ┆ … ┆ hildeg ┆ Gwenbo ┆ Romagu ┆ april. │
│         ┆ Graham  ┆         ┆ e@apri ┆   ┆ ard.or ┆ rough  ┆ era-Cr ┆ biz    │
│         ┆         ┆         ┆ l.biz  ┆   ┆ g      ┆        ┆ ona    ┆        │
│ 2       ┆ Ervin   ┆ Antonet ┆ Shanna ┆ … ┆ anasta ┆ Wisoky ┆ Deckow ┆ meliss │
│         ┆ Howell  ┆ te      ┆ @melis ┆   ┆ sia.ne ┆ burgh  ┆ -Crist ┆ a.tv   │
│         ┆         ┆         ┆ sa.tv  ┆   ┆ t      ┆        ┆        ┆        │
│ 3       ┆ Clement ┆ Samanth ┆ Nathan ┆ … ┆ ramiro ┆ McKenz ┆ Romagu ┆ yeseni │
│         ┆ ine     ┆ a       ┆ @yesen ┆   ┆ .info  ┆ iehave ┆ era-Ja ┆ a.net  │
│         ┆ Bauch   ┆         ┆ ia.net ┆   ┆        ┆ n      ┆ cobson ┆        │
│ 4       ┆ Patrici ┆ Kariann ┆ Julian ┆ … ┆ kale.b ┆ South  ┆ Robel- ┆ kory.o │
│         ┆ a       ┆ e       ┆ ne.OCo ┆   ┆ iz     ┆ Elvis  ┆ Corker ┆ rg     │
│         ┆ Lebsack ┆         ┆ nner@k ┆   ┆        ┆        ┆ y      ┆        │
│         ┆         ┆         ┆ ory.or ┆   ┆        ┆        ┆        ┆        │
│         ┆         ┆         ┆ g      ┆   ┆        ┆        ┆        ┆        │
│ 5       ┆ Chelsey ┆ Kamren  ┆ Lucio_ ┆ … ┆ demarc ┆ Roscoe ┆ Keeble ┆ annie. │
│         ┆ Dietric ┆         ┆ Hettin ┆   ┆ o.info ┆ view   ┆ r LLC  ┆ ca     │
│         ┆ h       ┆         ┆ ger@an ┆   ┆        ┆        ┆        ┆        │
│         ┆         ┆         ┆ nie.ca ┆   ┆        ┆        ┆        ┆        │
│ 6       ┆ Mrs.    ┆ Leopold ┆ Karley ┆ … ┆ ola.or ┆ South  ┆ Consid ┆ jasper │
│         ┆ Dennis  ┆ o_Corke ┆ _Dach@ ┆   ┆ g      ┆ Christ ┆ ine-Lo ┆ .info  │
│         ┆ Schulis ┆ ry      ┆ jasper ┆   ┆        ┆ y      ┆ ckman  ┆        │
│         ┆ t       ┆         ┆ .info  ┆   ┆        ┆        ┆        ┆        │
│ 7       ┆ Kurtis  ┆ Elwyn.S ┆ Telly. ┆ … ┆ elvis. ┆ Howemo ┆ Johns  ┆ billy. │
│         ┆ Weissna ┆ kiles   ┆ Hoeger ┆   ┆ io     ┆ uth    ┆ Group  ┆ biz    │
│         ┆ t       ┆         ┆ @billy ┆   ┆        ┆        ┆        ┆        │
│         ┆         ┆         ┆ .biz   ┆   ┆        ┆        ┆        ┆        │
│ 8       ┆ Nichola ┆ Maxime_ ┆ Sherwo ┆ … ┆ jacynt ┆ Aliyav ┆ Aberna ┆ rosamo │
│         ┆ s Runol ┆ Nienow  ┆ od@ros ┆   ┆ he.com ┆ iew    ┆ thy    ┆ nd.me  │
│         ┆ fsdotti ┆         ┆ amond. ┆   ┆        ┆        ┆ Group  ┆        │
│         ┆ r V     ┆         ┆ me     ┆   ┆        ┆        ┆        ┆        │
│ 9       ┆ Glenna  ┆ Delphin ┆ Chaim_ ┆ … ┆ conrad ┆ Bartho ┆ Yost   ┆ dana.i │
│         ┆ Reicher ┆ e       ┆ McDerm ┆   ┆ .com   ┆ lomebu ┆ and    ┆ o      │
│         ┆ t       ┆         ┆ ott@da ┆   ┆        ┆ ry     ┆ Sons   ┆        │
│         ┆         ┆         ┆ na.io  ┆   ┆        ┆        ┆        ┆        │
│ 10      ┆ Clement ┆ Moriah. ┆ Rey.Pa ┆ … ┆ ambros ┆ Lebsac ┆ Hoeger ┆ karina │
│         ┆ ina     ┆ Stanton ┆ dberg@ ┆   ┆ e.net  ┆ kbury  ┆ LLC    ┆ .biz   │
│         ┆ DuBuque ┆         ┆ karina ┆   ┆        ┆        ┆        ┆        │
│         ┆         ┆         ┆ .biz   ┆   ┆        ┆        ┆        ┆        │
└─────────┴─────────┴─────────┴────────┴───┴────────┴────────┴────────┴────────┘
2026-03-31 19:34:21 | INFO | CI | Sink: Polars DataFrame created
2026-03-31 19:34:21 | INFO | CI | ========================
2026-03-31 19:34:21 | INFO | CI | STAGE 04: LOAD starting...
2026-03-31 19:34:21 | INFO | CI | ========================
2026-03-31 19:34:21 | INFO | CI | SINK PATH = data\processed\angiecrews_users_processed.csv
2026-03-31 19:34:21 | INFO | CI | ========================
2026-03-31 19:34:21 | INFO | CI | Custom Users pipeline executed successfully!
2026-03-31 19:34:21 | INFO | CI | ========================
